<?xml version="1.0" encoding="UTF-8"?>
<!-- Generated by org.testng.reporters.JUnitReportReporter -->
<testsuite skipped="0" hostname="GST-BALA" name="scripts.addtocart" tests="1" failures="0" timestamp="12 Nov 2018 11:05:46 GMT" time="101.252" errors="0">
  <testcase name="test1" time="101.252" classname="scripts.addtocart"/>
</testsuite> <!-- scripts.addtocart -->
