<?xml version="1.0" encoding="UTF-8"?>
<!-- Generated by org.testng.reporters.JUnitReportReporter -->
<testsuite skipped="0" hostname="GST-BALA" name="scripts.homepageopration" tests="1" failures="0" timestamp="08 Nov 2018 10:23:36 GMT" time="17.423" errors="0">
  <testcase name="f" time="17.423" classname="scripts.homepageopration"/>
</testsuite> <!-- scripts.homepageopration -->
