<?xml version="1.0" encoding="UTF-8"?>
<!-- Generated by org.testng.reporters.JUnitReportReporter -->
<testsuite skipped="0" hostname="GST-BALA" name="scripts.homepageopration" tests="1" failures="0" timestamp="12 Nov 2018 11:05:46 GMT" time="34.537" errors="0">
  <testcase name="f" time="34.537" classname="scripts.homepageopration"/>
</testsuite> <!-- scripts.homepageopration -->
