<?xml version="1.0" encoding="UTF-8"?>
<!-- Generated by org.testng.reporters.JUnitReportReporter -->
<testsuite skipped="0" hostname="GST-BALA" name="scripts.ex" tests="1" failures="0" timestamp="05 Nov 2018 08:31:57 GMT" time="28.321" errors="0">
  <testcase name="f" time="28.321" classname="scripts.ex"/>
</testsuite> <!-- scripts.ex -->
